# JRE version: Java(TM) SE Runtime Environment (11.0.4+10) (build 11.0.4+10-LTS)
# Java VM: Java HotSpot(TM) 64-Bit Server VM (11.0.4+10-LTS, mixed mode, tiered, compressed oops, g1 gc, windows-amd64)
Heap:
 garbage-first heap   total 262144K, used 24099K [0x0000000700c00000, 0x0000000800000000)
  region size 1024K, 18 young (18432K), 8 survivors (8192K)
 Metaspace       used 32947K, capacity 34820K, committed 34992K, reserved 1079296K
  class space    used 4421K, capacity 5250K, committed 5376K, reserved 1048576K
GC Heap History (6 events):
Event: 2.125 GC heap before
{Heap before GC invocations=0 (full 0):
 garbage-first heap   total 262144K, used 23552K [0x0000000700c00000, 0x0000000800000000)
  region size 1024K, 24 young (24576K), 0 survivors (0K)
 Metaspace       used 12910K, capacity 13302K, committed 13568K, reserved 1060864K
  class space    used 1335K, capacity 1487K, committed 1536K, reserved 1048576K
}
Event: 2.145 GC heap after
{Heap after GC invocations=1 (full 0):
 garbage-first heap   total 262144K, used 3310K [0x0000000700c00000, 0x0000000800000000)
  region size 1024K, 3 young (3072K), 3 survivors (3072K)
 Metaspace       used 12910K, capacity 13302K, committed 13568K, reserved 1060864K
  class space    used 1335K, capacity 1487K, committed 1536K, reserved 1048576K
}
Event: 2.781 GC heap before
{Heap before GC invocations=1 (full 0):
 garbage-first heap   total 262144K, used 25838K [0x0000000700c00000, 0x0000000800000000)
  region size 1024K, 26 young (26624K), 3 survivors (3072K)
 Metaspace       used 20528K, capacity 21211K, committed 21296K, reserved 1069056K
  class space    used 2331K, capacity 2651K, committed 2688K, reserved 1048576K
}
Event: 2.793 GC heap after
{Heap after GC invocations=2 (full 0):
 garbage-first heap   total 262144K, used 7021K [0x0000000700c00000, 0x0000000800000000)
  region size 1024K, 7 young (7168K), 7 survivors (7168K)
 Metaspace       used 20528K, capacity 21211K, committed 21296K, reserved 1069056K
  class space    used 2331K, capacity 2651K, committed 2688K, reserved 1048576K
}
Event: 11.968 GC heap before
{Heap before GC invocations=3 (full 0):
 garbage-first heap   total 262144K, used 62317K [0x0000000700c00000, 0x0000000800000000)
  region size 1024K, 59 young (60416K), 7 survivors (7168K)
 Metaspace       used 31625K, capacity 33257K, committed 33328K, reserved 1077248K
  class space    used 4195K, capacity 4945K, committed 4992K, reserved 1048576K
}
Event: 11.985 GC heap after
{Heap after GC invocations=4 (full 0):
 garbage-first heap   total 262144K, used 14883K [0x0000000700c00000, 0x0000000800000000)
  region size 1024K, 8 young (8192K), 8 survivors (8192K)
 Metaspace       used 31625K, capacity 33257K, committed 33328K, reserved 1077248K
  class space    used 4195K, capacity 4945K, committed 4992K, reserved 1048576K
}

